  [1m[35m (3191.7ms)[0m  [1m[35mCREATE DATABASE "tunr_api_development" ENCODING = 'unicode'[0m
  [1m[35m (1150.9ms)[0m  [1m[35mCREATE DATABASE "tunr_api_test" ENCODING = 'unicode'[0m
  [1m[35m (350.9ms)[0m  [1m[35mCREATE TABLE "schema_migrations" ("version" character varying NOT NULL PRIMARY KEY)[0m
  [1m[35m (48.2ms)[0m  [1m[35mCREATE TABLE "ar_internal_metadata" ("key" character varying NOT NULL PRIMARY KEY, "value" character varying, "created_at" timestamp(6) NOT NULL, "updated_at" timestamp(6) NOT NULL)[0m
  [1m[35m (1.6ms)[0m  [1m[34mSELECT pg_try_advisory_lock(6513669864093001680)[0m
  [1m[35m (1.8ms)[0m  [1m[34mSELECT "schema_migrations"."version" FROM "schema_migrations" ORDER BY "schema_migrations"."version" ASC[0m
Migrating to CreateSongs (20210226163940)
  [1m[36mTRANSACTION (20.9ms)[0m  [1m[35mBEGIN[0m
  [1m[35m (58.0ms)[0m  [1m[35mCREATE TABLE "songs" ("id" bigserial primary key, "title" character varying, "artist" character varying, "time" time, "created_at" timestamp(6) NOT NULL, "updated_at" timestamp(6) NOT NULL)[0m
  [1m[36mActiveRecord::SchemaMigration Create (199.2ms)[0m  [1m[32mINSERT INTO "schema_migrations" ("version") VALUES ($1) RETURNING "version"[0m  [["version", "20210226163940"]]
  [1m[36mTRANSACTION (1.8ms)[0m  [1m[35mCOMMIT[0m
  [1m[36mActiveRecord::InternalMetadata Load (1.0ms)[0m  [1m[34mSELECT "ar_internal_metadata".* FROM "ar_internal_metadata" WHERE "ar_internal_metadata"."key" = $1 LIMIT $2[0m  [["key", "environment"], ["LIMIT", 1]]
  [1m[36mTRANSACTION (34.7ms)[0m  [1m[35mBEGIN[0m
  [1m[36mActiveRecord::InternalMetadata Create (2.7ms)[0m  [1m[32mINSERT INTO "ar_internal_metadata" ("key", "value", "created_at", "updated_at") VALUES ($1, $2, $3, $4) RETURNING "key"[0m  [["key", "environment"], ["value", "development"], ["created_at", "2021-02-26 16:40:39.675290"], ["updated_at", "2021-02-26 16:40:39.675290"]]
  [1m[36mTRANSACTION (0.8ms)[0m  [1m[35mCOMMIT[0m
  [1m[35m (17.1ms)[0m  [1m[34mSELECT pg_advisory_unlock(6513669864093001680)[0m
  [1m[35m (38.3ms)[0m  [1m[34mSELECT "schema_migrations"."version" FROM "schema_migrations" ORDER BY "schema_migrations"."version" ASC[0m
  [1m[35m (2.6ms)[0m  [1m[34mSELECT "schema_migrations"."version" FROM "schema_migrations" ORDER BY "schema_migrations"."version" ASC[0m
  [1m[35m (37.3ms)[0m  [1m[34mSELECT pg_try_advisory_lock(6513669864093001680)[0m
  [1m[35m (12.8ms)[0m  [1m[34mSELECT "schema_migrations"."version" FROM "schema_migrations" ORDER BY "schema_migrations"."version" ASC[0m
Migrating to AddFavoriteColumn (20210226170126)
  [1m[36mTRANSACTION (25.4ms)[0m  [1m[35mBEGIN[0m
  [1m[35m (45.2ms)[0m  [1m[35mALTER TABLE "songs" ADD "favorite" false[0m
  [1m[36mTRANSACTION (0.8ms)[0m  [1m[31mROLLBACK[0m
  [1m[35m (35.2ms)[0m  [1m[34mSELECT pg_advisory_unlock(6513669864093001680)[0m
  [1m[35m (0.9ms)[0m  [1m[34mSELECT pg_try_advisory_lock(6513669864093001680)[0m
  [1m[35m (19.5ms)[0m  [1m[34mSELECT "schema_migrations"."version" FROM "schema_migrations" ORDER BY "schema_migrations"."version" ASC[0m
Migrating to AddFavoriteColumn (20210226170126)
  [1m[36mTRANSACTION (14.7ms)[0m  [1m[35mBEGIN[0m
  [1m[35m (69.1ms)[0m  [1m[35mALTER TABLE "songs" ADD "favorite" boolean[0m
  [1m[36mActiveRecord::SchemaMigration Create (17.3ms)[0m  [1m[32mINSERT INTO "schema_migrations" ("version") VALUES ($1) RETURNING "version"[0m  [["version", "20210226170126"]]
  [1m[36mTRANSACTION (1.1ms)[0m  [1m[35mCOMMIT[0m
  [1m[36mActiveRecord::InternalMetadata Load (24.2ms)[0m  [1m[34mSELECT "ar_internal_metadata".* FROM "ar_internal_metadata" WHERE "ar_internal_metadata"."key" = $1 LIMIT $2[0m  [["key", "environment"], ["LIMIT", 1]]
  [1m[35m (14.7ms)[0m  [1m[34mSELECT pg_advisory_unlock(6513669864093001680)[0m
  [1m[35m (24.3ms)[0m  [1m[34mSELECT "schema_migrations"."version" FROM "schema_migrations" ORDER BY "schema_migrations"."version" ASC[0m
  [1m[35m (39.5ms)[0m  [1m[34mSELECT "schema_migrations"."version" FROM "schema_migrations" ORDER BY "schema_migrations"."version" ASC[0m
  [1m[35m (2.9ms)[0m  [1m[34mSELECT "schema_migrations"."version" FROM "schema_migrations" ORDER BY "schema_migrations"."version" ASC[0m
  [1m[35m (40.6ms)[0m  [1m[34mSELECT "schema_migrations"."version" FROM "schema_migrations" ORDER BY "schema_migrations"."version" ASC[0m
  [1m[36mSong Load (2.7ms)[0m  [1m[34mSELECT "songs".* FROM "songs"[0m
  [1m[36mSong Load (24.8ms)[0m  [1m[34mSELECT "songs".* FROM "songs"[0m
Started GET "/" for ::1 at 2021-02-26 12:18:11 -0500
  [1m[35m (21.2ms)[0m  [1m[34mSELECT "schema_migrations"."version" FROM "schema_migrations" ORDER BY "schema_migrations"."version" ASC[0m
Processing by Rails::WelcomeController#index as HTML
  Rendering /Users/Samantha/.rbenv/versions/3.0.0/lib/ruby/gems/3.0.0/gems/railties-6.1.3/lib/rails/templates/rails/welcome/index.html.erb
  Rendered /Users/Samantha/.rbenv/versions/3.0.0/lib/ruby/gems/3.0.0/gems/railties-6.1.3/lib/rails/templates/rails/welcome/index.html.erb (Duration: 38.4ms | Allocations: 467)
Completed 200 OK in 118ms (Views: 60.0ms | ActiveRecord: 0.0ms | Allocations: 3960)


Started GET "/songs" for ::1 at 2021-02-26 12:18:20 -0500
Processing by SongsController#index as HTML
  [1m[36mSong Load (50.4ms)[0m  [1m[34mSELECT "songs".* FROM "songs"[0m
  ↳ app/controllers/songs_controller.rb:8:in `index'
Completed 200 OK in 231ms (Views: 34.1ms | ActiveRecord: 186.5ms | Allocations: 1992)


  [1m[35m (2.8ms)[0m  [1m[34mSELECT "schema_migrations"."version" FROM "schema_migrations" ORDER BY "schema_migrations"."version" ASC[0m
  [1m[36mTRANSACTION (3.7ms)[0m  [1m[35mBEGIN[0m
  [1m[36mSong Create (23.8ms)[0m  [1m[32mINSERT INTO "songs" ("title", "artist", "time", "created_at", "updated_at", "favorite") VALUES ($1, $2, $3, $4, $5, $6) RETURNING "id"[0m  [["title", "Magic Carpet Ride"], ["artist", "The Beach Boys"], ["time", "17:21:42.933378"], ["created_at", "2021-02-26 17:21:49.720744"], ["updated_at", "2021-02-26 17:21:49.720744"], ["favorite", false]]
  [1m[36mTRANSACTION (21.3ms)[0m  [1m[35mCOMMIT[0m
  [1m[36mTRANSACTION (20.7ms)[0m  [1m[35mBEGIN[0m
  [1m[36mSong Create (48.5ms)[0m  [1m[32mINSERT INTO "songs" ("title", "artist", "time", "created_at", "updated_at", "favorite") VALUES ($1, $2, $3, $4, $5, $6) RETURNING "id"[0m  [["title", "Comfortably Numb"], ["artist", "Isaac Hayes and the Movement"], ["time", "17:21:42.909900"], ["created_at", "2021-02-26 17:21:49.779838"], ["updated_at", "2021-02-26 17:21:49.779838"], ["favorite", false]]
  [1m[36mTRANSACTION (20.1ms)[0m  [1m[35mCOMMIT[0m
  [1m[36mTRANSACTION (1.4ms)[0m  [1m[35mBEGIN[0m
  [1m[36mSong Create (15.7ms)[0m  [1m[32mINSERT INTO "songs" ("title", "artist", "time", "created_at", "updated_at", "favorite") VALUES ($1, $2, $3, $4, $5, $6) RETURNING "id"[0m  [["title", "Another Brick In The Wall"], ["artist", "Slayer"], ["time", "17:21:43.847503"], ["created_at", "2021-02-26 17:21:49.896678"], ["updated_at", "2021-02-26 17:21:49.896678"], ["favorite", false]]
  [1m[36mTRANSACTION (18.9ms)[0m  [1m[35mCOMMIT[0m
  [1m[36mTRANSACTION (14.4ms)[0m  [1m[35mBEGIN[0m
  [1m[36mSong Create (2.2ms)[0m  [1m[32mINSERT INTO "songs" ("title", "artist", "time", "created_at", "updated_at", "favorite") VALUES ($1, $2, $3, $4, $5, $6) RETURNING "id"[0m  [["title", "Just What I Needed"], ["artist", "The Roots"], ["time", "17:21:43.155936"], ["created_at", "2021-02-26 17:21:49.954417"], ["updated_at", "2021-02-26 17:21:49.954417"], ["favorite", false]]
  [1m[36mTRANSACTION (17.6ms)[0m  [1m[35mCOMMIT[0m
  [1m[36mTRANSACTION (20.4ms)[0m  [1m[35mBEGIN[0m
  [1m[36mSong Create (18.6ms)[0m  [1m[32mINSERT INTO "songs" ("title", "artist", "time", "created_at", "updated_at", "favorite") VALUES ($1, $2, $3, $4, $5, $6) RETURNING "id"[0m  [["title", "Jumpin' Jack Flash"], ["artist", "The Pretenders"], ["time", "17:21:43.707218"], ["created_at", "2021-02-26 17:21:50.004476"], ["updated_at", "2021-02-26 17:21:50.004476"], ["favorite", false]]
  [1m[36mTRANSACTION (0.8ms)[0m  [1m[35mCOMMIT[0m
  [1m[36mTRANSACTION (15.3ms)[0m  [1m[35mBEGIN[0m
  [1m[36mSong Create (21.0ms)[0m  [1m[32mINSERT INTO "songs" ("title", "artist", "time", "created_at", "updated_at", "favorite") VALUES ($1, $2, $3, $4, $5, $6) RETURNING "id"[0m  [["title", "Ohio"], ["artist", "David Bowie and The Spiders From Mars"], ["time", "17:21:43.866079"], ["created_at", "2021-02-26 17:21:50.063059"], ["updated_at", "2021-02-26 17:21:50.063059"], ["favorite", false]]
  [1m[36mTRANSACTION (91.1ms)[0m  [1m[35mCOMMIT[0m
  [1m[36mTRANSACTION (39.7ms)[0m  [1m[35mBEGIN[0m
  [1m[36mSong Create (2.4ms)[0m  [1m[32mINSERT INTO "songs" ("title", "artist", "time", "created_at", "updated_at", "favorite") VALUES ($1, $2, $3, $4, $5, $6) RETURNING "id"[0m  [["title", "Down on the Corner"], ["artist", "Bon Jovi"], ["time", "17:21:43.254187"], ["created_at", "2021-02-26 17:21:50.210075"], ["updated_at", "2021-02-26 17:21:50.210075"], ["favorite", false]]
  [1m[36mTRANSACTION (67.9ms)[0m  [1m[35mCOMMIT[0m
  [1m[36mTRANSACTION (17.9ms)[0m  [1m[35mBEGIN[0m
  [1m[36mSong Create (0.9ms)[0m  [1m[32mINSERT INTO "songs" ("title", "artist", "time", "created_at", "updated_at", "favorite") VALUES ($1, $2, $3, $4, $5, $6) RETURNING "id"[0m  [["title", "Crazy On You"], ["artist", "Journey"], ["time", "17:21:43.954652"], ["created_at", "2021-02-26 17:21:50.331623"], ["updated_at", "2021-02-26 17:21:50.331623"], ["favorite", false]]
  [1m[36mTRANSACTION (94.3ms)[0m  [1m[35mCOMMIT[0m
  [1m[36mTRANSACTION (38.7ms)[0m  [1m[35mBEGIN[0m
  [1m[36mSong Create (32.3ms)[0m  [1m[32mINSERT INTO "songs" ("title", "artist", "time", "created_at", "updated_at", "favorite") VALUES ($1, $2, $3, $4, $5, $6) RETURNING "id"[0m  [["title", "Don't Fear the Reaper"], ["artist", "Kansas"], ["time", "17:21:44.120164"], ["created_at", "2021-02-26 17:21:50.456509"], ["updated_at", "2021-02-26 17:21:50.456509"], ["favorite", false]]
  [1m[36mTRANSACTION (0.9ms)[0m  [1m[35mCOMMIT[0m
  [1m[36mTRANSACTION (19.2ms)[0m  [1m[35mBEGIN[0m
  [1m[36mSong Create (20.1ms)[0m  [1m[32mINSERT INTO "songs" ("title", "artist", "time", "created_at", "updated_at", "favorite") VALUES ($1, $2, $3, $4, $5, $6) RETURNING "id"[0m  [["title", "The Wind Cries Mary"], ["artist", "U2"], ["time", "17:21:44.189412"], ["created_at", "2021-02-26 17:21:50.558511"], ["updated_at", "2021-02-26 17:21:50.558511"], ["favorite", false]]
  [1m[36mTRANSACTION (35.0ms)[0m  [1m[35mCOMMIT[0m
  [1m[36mSong Load (2.0ms)[0m  [1m[34mSELECT "songs".* FROM "songs"[0m
  [1m[35m (4.2ms)[0m  [1m[34mSELECT "schema_migrations"."version" FROM "schema_migrations" ORDER BY "schema_migrations"."version" ASC[0m
  [1m[35m (1.0ms)[0m  [1m[34mSELECT "ar_internal_metadata"."value" FROM "ar_internal_metadata" WHERE "ar_internal_metadata"."key" = $1[0m  [["key", "environment"]]
  [1m[35m (0.4ms)[0m  [1m[34mSELECT "schema_migrations"."version" FROM "schema_migrations" ORDER BY "schema_migrations"."version" ASC[0m
  [1m[35m (11.1ms)[0m  [1m[34mSELECT "ar_internal_metadata"."value" FROM "ar_internal_metadata" WHERE "ar_internal_metadata"."key" = $1[0m  [["key", "environment"]]
  [1m[35m (0.8ms)[0m  [1m[34mSELECT "schema_migrations"."version" FROM "schema_migrations" ORDER BY "schema_migrations"."version" ASC[0m
  [1m[35m (0.7ms)[0m  [1m[34mSELECT "ar_internal_metadata"."value" FROM "ar_internal_metadata" WHERE "ar_internal_metadata"."key" = $1[0m  [["key", "environment"]]
  [1m[35m (9849.3ms)[0m  [1m[35mDROP DATABASE IF EXISTS "tunr_api_development"[0m
  [1m[35m (20.7ms)[0m  [1m[34mSELECT "schema_migrations"."version" FROM "schema_migrations" ORDER BY "schema_migrations"."version" ASC[0m
  [1m[35m (1.1ms)[0m  [1m[34mSELECT "ar_internal_metadata"."value" FROM "ar_internal_metadata" WHERE "ar_internal_metadata"."key" = $1[0m  [["key", "environment"]]
  [1m[35m (0.7ms)[0m  [1m[34mSELECT "schema_migrations"."version" FROM "schema_migrations" ORDER BY "schema_migrations"."version" ASC[0m
  [1m[35m (19.3ms)[0m  [1m[34mSELECT "ar_internal_metadata"."value" FROM "ar_internal_metadata" WHERE "ar_internal_metadata"."key" = $1[0m  [["key", "environment"]]
  [1m[35m (1.2ms)[0m  [1m[34mSELECT "schema_migrations"."version" FROM "schema_migrations" ORDER BY "schema_migrations"."version" ASC[0m
  [1m[35m (20.5ms)[0m  [1m[34mSELECT "ar_internal_metadata"."value" FROM "ar_internal_metadata" WHERE "ar_internal_metadata"."key" = $1[0m  [["key", "environment"]]
  [1m[35m (602.4ms)[0m  [1m[35mDROP DATABASE IF EXISTS "tunr_api_development"[0m
  [1m[35m (473.7ms)[0m  [1m[35mDROP DATABASE IF EXISTS "tunr_api_test"[0m
  [1m[35m (3374.2ms)[0m  [1m[35mCREATE DATABASE "tunr_api_development" ENCODING = 'unicode'[0m
  [1m[35m (1501.7ms)[0m  [1m[35mCREATE DATABASE "tunr_api_test" ENCODING = 'unicode'[0m
  [1m[35mSQL (22.6ms)[0m  [1m[35mCREATE EXTENSION IF NOT EXISTS "plpgsql"[0m
  [1m[35m (20.4ms)[0m  [1m[35mDROP TABLE IF EXISTS "songs" CASCADE[0m
  [1m[35m (125.1ms)[0m  [1m[35mCREATE TABLE "songs" ("id" bigserial primary key, "title" character varying, "artist" character varying, "time" time, "created_at" timestamp(6) NOT NULL, "updated_at" timestamp(6) NOT NULL, "favorite" boolean)[0m
  [1m[35m (48.8ms)[0m  [1m[35mCREATE TABLE "schema_migrations" ("version" character varying NOT NULL PRIMARY KEY)[0m
  [1m[35m (21.2ms)[0m  [1m[34mSELECT "schema_migrations"."version" FROM "schema_migrations" ORDER BY "schema_migrations"."version" ASC[0m
  [1m[35m (22.6ms)[0m  [1m[32mINSERT INTO "schema_migrations" (version) VALUES (20210226170126)[0m
  [1m[35m (22.1ms)[0m  [1m[32mINSERT INTO "schema_migrations" (version) VALUES
(20210226163940);

[0m
  [1m[35m (50.4ms)[0m  [1m[35mCREATE TABLE "ar_internal_metadata" ("key" character varying NOT NULL PRIMARY KEY, "value" character varying, "created_at" timestamp(6) NOT NULL, "updated_at" timestamp(6) NOT NULL)[0m
  [1m[36mActiveRecord::InternalMetadata Load (0.9ms)[0m  [1m[34mSELECT "ar_internal_metadata".* FROM "ar_internal_metadata" WHERE "ar_internal_metadata"."key" = $1 LIMIT $2[0m  [["key", "environment"], ["LIMIT", 1]]
  [1m[36mTRANSACTION (14.2ms)[0m  [1m[35mBEGIN[0m
  [1m[36mActiveRecord::InternalMetadata Create (2.1ms)[0m  [1m[32mINSERT INTO "ar_internal_metadata" ("key", "value", "created_at", "updated_at") VALUES ($1, $2, $3, $4) RETURNING "key"[0m  [["key", "environment"], ["value", "development"], ["created_at", "2021-02-26 17:29:33.103345"], ["updated_at", "2021-02-26 17:29:33.103345"]]
  [1m[36mTRANSACTION (16.4ms)[0m  [1m[35mCOMMIT[0m
  [1m[36mActiveRecord::InternalMetadata Load (20.6ms)[0m  [1m[34mSELECT "ar_internal_metadata".* FROM "ar_internal_metadata" WHERE "ar_internal_metadata"."key" = $1 LIMIT $2[0m  [["key", "environment"], ["LIMIT", 1]]
  [1m[36mActiveRecord::InternalMetadata Load (19.9ms)[0m  [1m[34mSELECT "ar_internal_metadata".* FROM "ar_internal_metadata" WHERE "ar_internal_metadata"."key" = $1 LIMIT $2[0m  [["key", "schema_sha1"], ["LIMIT", 1]]
  [1m[36mTRANSACTION (0.3ms)[0m  [1m[35mBEGIN[0m
  [1m[36mActiveRecord::InternalMetadata Create (18.9ms)[0m  [1m[32mINSERT INTO "ar_internal_metadata" ("key", "value", "created_at", "updated_at") VALUES ($1, $2, $3, $4) RETURNING "key"[0m  [["key", "schema_sha1"], ["value", "78de79498a3c6b2b84e90ff9497109c312ac7d4c"], ["created_at", "2021-02-26 17:29:33.220767"], ["updated_at", "2021-02-26 17:29:33.220767"]]
  [1m[36mTRANSACTION (1.2ms)[0m  [1m[35mCOMMIT[0m
  [1m[35mSQL (1.1ms)[0m  [1m[35mCREATE EXTENSION IF NOT EXISTS "plpgsql"[0m
  [1m[35m (1.0ms)[0m  [1m[35mDROP TABLE IF EXISTS "songs" CASCADE[0m
  [1m[35m (141.1ms)[0m  [1m[35mCREATE TABLE "songs" ("id" bigserial primary key, "title" character varying, "artist" character varying, "time" time, "created_at" timestamp(6) NOT NULL, "updated_at" timestamp(6) NOT NULL, "favorite" boolean)[0m
  [1m[35m (51.0ms)[0m  [1m[35mCREATE TABLE "schema_migrations" ("version" character varying NOT NULL PRIMARY KEY)[0m
  [1m[35m (2.2ms)[0m  [1m[34mSELECT "schema_migrations"."version" FROM "schema_migrations" ORDER BY "schema_migrations"."version" ASC[0m
  [1m[35m (20.0ms)[0m  [1m[32mINSERT INTO "schema_migrations" (version) VALUES (20210226170126)[0m
  [1m[35m (1.5ms)[0m  [1m[32mINSERT INTO "schema_migrations" (version) VALUES
(20210226163940);

[0m
  [1m[35m (52.0ms)[0m  [1m[35mCREATE TABLE "ar_internal_metadata" ("key" character varying NOT NULL PRIMARY KEY, "value" character varying, "created_at" timestamp(6) NOT NULL, "updated_at" timestamp(6) NOT NULL)[0m
  [1m[36mActiveRecord::InternalMetadata Load (1.0ms)[0m  [1m[34mSELECT "ar_internal_metadata".* FROM "ar_internal_metadata" WHERE "ar_internal_metadata"."key" = $1 LIMIT $2[0m  [["key", "environment"], ["LIMIT", 1]]
  [1m[36mTRANSACTION (0.4ms)[0m  [1m[35mBEGIN[0m
  [1m[36mActiveRecord::InternalMetadata Create (18.4ms)[0m  [1m[32mINSERT INTO "ar_internal_metadata" ("key", "value", "created_at", "updated_at") VALUES ($1, $2, $3, $4) RETURNING "key"[0m  [["key", "environment"], ["value", "development"], ["created_at", "2021-02-26 17:29:34.122430"], ["updated_at", "2021-02-26 17:29:34.122430"]]
  [1m[36mTRANSACTION (21.1ms)[0m  [1m[35mCOMMIT[0m
  [1m[36mActiveRecord::InternalMetadata Load (20.2ms)[0m  [1m[34mSELECT "ar_internal_metadata".* FROM "ar_internal_metadata" WHERE "ar_internal_metadata"."key" = $1 LIMIT $2[0m  [["key", "environment"], ["LIMIT", 1]]
  [1m[36mTRANSACTION (0.4ms)[0m  [1m[35mBEGIN[0m
  [1m[36mActiveRecord::InternalMetadata Update (19.5ms)[0m  [1m[33mUPDATE "ar_internal_metadata" SET "value" = $1, "updated_at" = $2 WHERE "ar_internal_metadata"."key" = $3[0m  [["value", "test"], ["updated_at", "2021-02-26 17:29:34.197531"], ["key", "environment"]]
  [1m[36mTRANSACTION (20.4ms)[0m  [1m[35mCOMMIT[0m
  [1m[36mActiveRecord::InternalMetadata Load (21.5ms)[0m  [1m[34mSELECT "ar_internal_metadata".* FROM "ar_internal_metadata" WHERE "ar_internal_metadata"."key" = $1 LIMIT $2[0m  [["key", "schema_sha1"], ["LIMIT", 1]]
  [1m[36mTRANSACTION (0.4ms)[0m  [1m[35mBEGIN[0m
  [1m[36mActiveRecord::InternalMetadata Create (18.4ms)[0m  [1m[32mINSERT INTO "ar_internal_metadata" ("key", "value", "created_at", "updated_at") VALUES ($1, $2, $3, $4) RETURNING "key"[0m  [["key", "schema_sha1"], ["value", "78de79498a3c6b2b84e90ff9497109c312ac7d4c"], ["created_at", "2021-02-26 17:29:34.272172"], ["updated_at", "2021-02-26 17:29:34.272172"]]
  [1m[36mTRANSACTION (0.8ms)[0m  [1m[35mCOMMIT[0m
  [1m[35m (23.5ms)[0m  [1m[34mSELECT "schema_migrations"."version" FROM "schema_migrations" ORDER BY "schema_migrations"."version" ASC[0m
  [1m[35m (2.3ms)[0m  [1m[34mSELECT "schema_migrations"."version" FROM "schema_migrations" ORDER BY "schema_migrations"."version" ASC[0m
  [1m[35m (1.0ms)[0m  [1m[34mSELECT "ar_internal_metadata"."value" FROM "ar_internal_metadata" WHERE "ar_internal_metadata"."key" = $1[0m  [["key", "environment"]]
  [1m[35m (0.6ms)[0m  [1m[34mSELECT "schema_migrations"."version" FROM "schema_migrations" ORDER BY "schema_migrations"."version" ASC[0m
  [1m[35m (12.7ms)[0m  [1m[34mSELECT "ar_internal_metadata"."value" FROM "ar_internal_metadata" WHERE "ar_internal_metadata"."key" = $1[0m  [["key", "environment"]]
  [1m[35m (0.8ms)[0m  [1m[34mSELECT "schema_migrations"."version" FROM "schema_migrations" ORDER BY "schema_migrations"."version" ASC[0m
  [1m[35m (0.8ms)[0m  [1m[34mSELECT "ar_internal_metadata"."value" FROM "ar_internal_metadata" WHERE "ar_internal_metadata"."key" = $1[0m  [["key", "environment"]]
  [1m[35m (688.8ms)[0m  [1m[35mDROP DATABASE IF EXISTS "tunr_api_development"[0m
  [1m[35m (440.6ms)[0m  [1m[35mDROP DATABASE IF EXISTS "tunr_api_test"[0m
  [1m[35m (1854.2ms)[0m  [1m[35mCREATE DATABASE "tunr_api_development" ENCODING = 'unicode'[0m
  [1m[35m (994.3ms)[0m  [1m[35mCREATE DATABASE "tunr_api_test" ENCODING = 'unicode'[0m
  [1m[35mSQL (1.0ms)[0m  [1m[35mCREATE EXTENSION IF NOT EXISTS "plpgsql"[0m
  [1m[35m (39.2ms)[0m  [1m[35mDROP TABLE IF EXISTS "songs" CASCADE[0m
  [1m[35m (100.2ms)[0m  [1m[35mCREATE TABLE "songs" ("id" bigserial primary key, "title" character varying, "artist" character varying, "time" time, "created_at" timestamp(6) NOT NULL, "updated_at" timestamp(6) NOT NULL, "favorite" boolean)[0m
  [1m[35m (47.4ms)[0m  [1m[35mCREATE TABLE "schema_migrations" ("version" character varying NOT NULL PRIMARY KEY)[0m
  [1m[35m (1.7ms)[0m  [1m[34mSELECT "schema_migrations"."version" FROM "schema_migrations" ORDER BY "schema_migrations"."version" ASC[0m
  [1m[35m (1.4ms)[0m  [1m[32mINSERT INTO "schema_migrations" (version) VALUES (20210226170126)[0m
  [1m[35m (37.1ms)[0m  [1m[32mINSERT INTO "schema_migrations" (version) VALUES
(20210226163940);

[0m
  [1m[35m (52.0ms)[0m  [1m[35mCREATE TABLE "ar_internal_metadata" ("key" character varying NOT NULL PRIMARY KEY, "value" character varying, "created_at" timestamp(6) NOT NULL, "updated_at" timestamp(6) NOT NULL)[0m
  [1m[36mActiveRecord::InternalMetadata Load (36.5ms)[0m  [1m[34mSELECT "ar_internal_metadata".* FROM "ar_internal_metadata" WHERE "ar_internal_metadata"."key" = $1 LIMIT $2[0m  [["key", "environment"], ["LIMIT", 1]]
  [1m[36mTRANSACTION (35.0ms)[0m  [1m[35mBEGIN[0m
  [1m[36mActiveRecord::InternalMetadata Create (1.4ms)[0m  [1m[32mINSERT INTO "ar_internal_metadata" ("key", "value", "created_at", "updated_at") VALUES ($1, $2, $3, $4) RETURNING "key"[0m  [["key", "environment"], ["value", "development"], ["created_at", "2021-02-26 17:34:50.754563"], ["updated_at", "2021-02-26 17:34:50.754563"]]
  [1m[36mTRANSACTION (0.8ms)[0m  [1m[35mCOMMIT[0m
  [1m[36mActiveRecord::InternalMetadata Load (0.6ms)[0m  [1m[34mSELECT "ar_internal_metadata".* FROM "ar_internal_metadata" WHERE "ar_internal_metadata"."key" = $1 LIMIT $2[0m  [["key", "environment"], ["LIMIT", 1]]
  [1m[36mActiveRecord::InternalMetadata Load (0.9ms)[0m  [1m[34mSELECT "ar_internal_metadata".* FROM "ar_internal_metadata" WHERE "ar_internal_metadata"."key" = $1 LIMIT $2[0m  [["key", "schema_sha1"], ["LIMIT", 1]]
  [1m[36mTRANSACTION (0.3ms)[0m  [1m[35mBEGIN[0m
  [1m[36mActiveRecord::InternalMetadata Create (36.0ms)[0m  [1m[32mINSERT INTO "ar_internal_metadata" ("key", "value", "created_at", "updated_at") VALUES ($1, $2, $3, $4) RETURNING "key"[0m  [["key", "schema_sha1"], ["value", "78de79498a3c6b2b84e90ff9497109c312ac7d4c"], ["created_at", "2021-02-26 17:34:50.852499"], ["updated_at", "2021-02-26 17:34:50.852499"]]
  [1m[36mTRANSACTION (0.7ms)[0m  [1m[35mCOMMIT[0m
  [1m[35mSQL (1.0ms)[0m  [1m[35mCREATE EXTENSION IF NOT EXISTS "plpgsql"[0m
  [1m[35m (1.1ms)[0m  [1m[35mDROP TABLE IF EXISTS "songs" CASCADE[0m
  [1m[35m (97.1ms)[0m  [1m[35mCREATE TABLE "songs" ("id" bigserial primary key, "title" character varying, "artist" character varying, "time" time, "created_at" timestamp(6) NOT NULL, "updated_at" timestamp(6) NOT NULL, "favorite" boolean)[0m
  [1m[35m (45.9ms)[0m  [1m[35mCREATE TABLE "schema_migrations" ("version" character varying NOT NULL PRIMARY KEY)[0m
  [1m[35m (2.0ms)[0m  [1m[34mSELECT "schema_migrations"."version" FROM "schema_migrations" ORDER BY "schema_migrations"."version" ASC[0m
  [1m[35m (35.7ms)[0m  [1m[32mINSERT INTO "schema_migrations" (version) VALUES (20210226170126)[0m
  [1m[35m (1.6ms)[0m  [1m[32mINSERT INTO "schema_migrations" (version) VALUES
(20210226163940);

[0m
  [1m[35m (45.3ms)[0m  [1m[35mCREATE TABLE "ar_internal_metadata" ("key" character varying NOT NULL PRIMARY KEY, "value" character varying, "created_at" timestamp(6) NOT NULL, "updated_at" timestamp(6) NOT NULL)[0m
  [1m[36mActiveRecord::InternalMetadata Load (1.6ms)[0m  [1m[34mSELECT "ar_internal_metadata".* FROM "ar_internal_metadata" WHERE "ar_internal_metadata"."key" = $1 LIMIT $2[0m  [["key", "environment"], ["LIMIT", 1]]
  [1m[36mTRANSACTION (33.8ms)[0m  [1m[35mBEGIN[0m
  [1m[36mActiveRecord::InternalMetadata Create (1.3ms)[0m  [1m[32mINSERT INTO "ar_internal_metadata" ("key", "value", "created_at", "updated_at") VALUES ($1, $2, $3, $4) RETURNING "key"[0m  [["key", "environment"], ["value", "development"], ["created_at", "2021-02-26 17:34:51.457129"], ["updated_at", "2021-02-26 17:34:51.457129"]]
  [1m[36mTRANSACTION (0.8ms)[0m  [1m[35mCOMMIT[0m
  [1m[36mActiveRecord::InternalMetadata Load (35.5ms)[0m  [1m[34mSELECT "ar_internal_metadata".* FROM "ar_internal_metadata" WHERE "ar_internal_metadata"."key" = $1 LIMIT $2[0m  [["key", "environment"], ["LIMIT", 1]]
  [1m[36mTRANSACTION (0.3ms)[0m  [1m[35mBEGIN[0m
  [1m[36mActiveRecord::InternalMetadata Update (0.8ms)[0m  [1m[33mUPDATE "ar_internal_metadata" SET "value" = $1, "updated_at" = $2 WHERE "ar_internal_metadata"."key" = $3[0m  [["value", "test"], ["updated_at", "2021-02-26 17:34:51.543856"], ["key", "environment"]]
  [1m[36mTRANSACTION (1.0ms)[0m  [1m[35mCOMMIT[0m
  [1m[36mActiveRecord::InternalMetadata Load (35.9ms)[0m  [1m[34mSELECT "ar_internal_metadata".* FROM "ar_internal_metadata" WHERE "ar_internal_metadata"."key" = $1 LIMIT $2[0m  [["key", "schema_sha1"], ["LIMIT", 1]]
  [1m[36mTRANSACTION (0.3ms)[0m  [1m[35mBEGIN[0m
  [1m[36mActiveRecord::InternalMetadata Create (1.2ms)[0m  [1m[32mINSERT INTO "ar_internal_metadata" ("key", "value", "created_at", "updated_at") VALUES ($1, $2, $3, $4) RETURNING "key"[0m  [["key", "schema_sha1"], ["value", "78de79498a3c6b2b84e90ff9497109c312ac7d4c"], ["created_at", "2021-02-26 17:34:51.594792"], ["updated_at", "2021-02-26 17:34:51.594792"]]
  [1m[36mTRANSACTION (0.7ms)[0m  [1m[35mCOMMIT[0m
  [1m[35m (39.0ms)[0m  [1m[34mSELECT "schema_migrations"."version" FROM "schema_migrations" ORDER BY "schema_migrations"."version" ASC[0m
  [1m[35m (32.6ms)[0m  [1m[34mSELECT "schema_migrations"."version" FROM "schema_migrations" ORDER BY "schema_migrations"."version" ASC[0m
  [1m[35m (0.7ms)[0m  [1m[34mSELECT "ar_internal_metadata"."value" FROM "ar_internal_metadata" WHERE "ar_internal_metadata"."key" = $1[0m  [["key", "environment"]]
  [1m[35m (33.9ms)[0m  [1m[34mSELECT "schema_migrations"."version" FROM "schema_migrations" ORDER BY "schema_migrations"."version" ASC[0m
  [1m[35m (38.0ms)[0m  [1m[34mSELECT "ar_internal_metadata"."value" FROM "ar_internal_metadata" WHERE "ar_internal_metadata"."key" = $1[0m  [["key", "environment"]]
  [1m[35m (31.8ms)[0m  [1m[34mSELECT "schema_migrations"."version" FROM "schema_migrations" ORDER BY "schema_migrations"."version" ASC[0m
  [1m[35m (0.6ms)[0m  [1m[34mSELECT "ar_internal_metadata"."value" FROM "ar_internal_metadata" WHERE "ar_internal_metadata"."key" = $1[0m  [["key", "environment"]]
  [1m[35m (451.2ms)[0m  [1m[35mDROP DATABASE IF EXISTS "tunr_api_development"[0m
  [1m[35m (350.3ms)[0m  [1m[35mDROP DATABASE IF EXISTS "tunr_api_test"[0m
  [1m[35m (755.3ms)[0m  [1m[35mCREATE DATABASE "tunr_api_development" ENCODING = 'unicode'[0m
  [1m[35m (853.1ms)[0m  [1m[35mCREATE DATABASE "tunr_api_test" ENCODING = 'unicode'[0m
  [1m[35mSQL (1.0ms)[0m  [1m[35mCREATE EXTENSION IF NOT EXISTS "plpgsql"[0m
  [1m[35m (33.6ms)[0m  [1m[35mDROP TABLE IF EXISTS "songs" CASCADE[0m
  [1m[35m (98.0ms)[0m  [1m[35mCREATE TABLE "songs" ("id" bigserial primary key, "title" character varying, "artist" character varying, "time" time, "created_at" timestamp(6) NOT NULL, "updated_at" timestamp(6) NOT NULL, "favorite" boolean)[0m
  [1m[35m (45.6ms)[0m  [1m[35mCREATE TABLE "schema_migrations" ("version" character varying NOT NULL PRIMARY KEY)[0m
  [1m[35m (1.0ms)[0m  [1m[34mSELECT "schema_migrations"."version" FROM "schema_migrations" ORDER BY "schema_migrations"."version" ASC[0m
  [1m[35m (1.7ms)[0m  [1m[32mINSERT INTO "schema_migrations" (version) VALUES (20210226170126)[0m
  [1m[35m (1.5ms)[0m  [1m[32mINSERT INTO "schema_migrations" (version) VALUES
(20210226163940);

[0m
  [1m[35m (46.4ms)[0m  [1m[35mCREATE TABLE "ar_internal_metadata" ("key" character varying NOT NULL PRIMARY KEY, "value" character varying, "created_at" timestamp(6) NOT NULL, "updated_at" timestamp(6) NOT NULL)[0m
  [1m[36mActiveRecord::InternalMetadata Load (0.9ms)[0m  [1m[34mSELECT "ar_internal_metadata".* FROM "ar_internal_metadata" WHERE "ar_internal_metadata"."key" = $1 LIMIT $2[0m  [["key", "environment"], ["LIMIT", 1]]
  [1m[36mTRANSACTION (30.3ms)[0m  [1m[35mBEGIN[0m
  [1m[36mActiveRecord::InternalMetadata Create (2.1ms)[0m  [1m[32mINSERT INTO "ar_internal_metadata" ("key", "value", "created_at", "updated_at") VALUES ($1, $2, $3, $4) RETURNING "key"[0m  [["key", "environment"], ["value", "development"], ["created_at", "2021-02-26 17:35:26.956804"], ["updated_at", "2021-02-26 17:35:26.956804"]]
  [1m[36mTRANSACTION (1.5ms)[0m  [1m[35mCOMMIT[0m
  [1m[36mActiveRecord::InternalMetadata Load (0.5ms)[0m  [1m[34mSELECT "ar_internal_metadata".* FROM "ar_internal_metadata" WHERE "ar_internal_metadata"."key" = $1 LIMIT $2[0m  [["key", "environment"], ["LIMIT", 1]]
  [1m[36mActiveRecord::InternalMetadata Load (0.9ms)[0m  [1m[34mSELECT "ar_internal_metadata".* FROM "ar_internal_metadata" WHERE "ar_internal_metadata"."key" = $1 LIMIT $2[0m  [["key", "schema_sha1"], ["LIMIT", 1]]
  [1m[36mTRANSACTION (0.5ms)[0m  [1m[35mBEGIN[0m
  [1m[36mActiveRecord::InternalMetadata Create (34.6ms)[0m  [1m[32mINSERT INTO "ar_internal_metadata" ("key", "value", "created_at", "updated_at") VALUES ($1, $2, $3, $4) RETURNING "key"[0m  [["key", "schema_sha1"], ["value", "78de79498a3c6b2b84e90ff9497109c312ac7d4c"], ["created_at", "2021-02-26 17:35:27.046413"], ["updated_at", "2021-02-26 17:35:27.046413"]]
  [1m[36mTRANSACTION (1.0ms)[0m  [1m[35mCOMMIT[0m
  [1m[35mSQL (1.3ms)[0m  [1m[35mCREATE EXTENSION IF NOT EXISTS "plpgsql"[0m
  [1m[35m (0.5ms)[0m  [1m[35mDROP TABLE IF EXISTS "songs" CASCADE[0m
  [1m[35m (95.8ms)[0m  [1m[35mCREATE TABLE "songs" ("id" bigserial primary key, "title" character varying, "artist" character varying, "time" time, "created_at" timestamp(6) NOT NULL, "updated_at" timestamp(6) NOT NULL, "favorite" boolean)[0m
  [1m[35m (48.7ms)[0m  [1m[35mCREATE TABLE "schema_migrations" ("version" character varying NOT NULL PRIMARY KEY)[0m
  [1m[35m (35.9ms)[0m  [1m[34mSELECT "schema_migrations"."version" FROM "schema_migrations" ORDER BY "schema_migrations"."version" ASC[0m
  [1m[35m (1.5ms)[0m  [1m[32mINSERT INTO "schema_migrations" (version) VALUES (20210226170126)[0m
  [1m[35m (0.9ms)[0m  [1m[32mINSERT INTO "schema_migrations" (version) VALUES
(20210226163940);

[0m
  [1m[35m (45.4ms)[0m  [1m[35mCREATE TABLE "ar_internal_metadata" ("key" character varying NOT NULL PRIMARY KEY, "value" character varying, "created_at" timestamp(6) NOT NULL, "updated_at" timestamp(6) NOT NULL)[0m
  [1m[36mActiveRecord::InternalMetadata Load (1.2ms)[0m  [1m[34mSELECT "ar_internal_metadata".* FROM "ar_internal_metadata" WHERE "ar_internal_metadata"."key" = $1 LIMIT $2[0m  [["key", "environment"], ["LIMIT", 1]]
  [1m[36mTRANSACTION (32.2ms)[0m  [1m[35mBEGIN[0m
  [1m[36mActiveRecord::InternalMetadata Create (1.7ms)[0m  [1m[32mINSERT INTO "ar_internal_metadata" ("key", "value", "created_at", "updated_at") VALUES ($1, $2, $3, $4) RETURNING "key"[0m  [["key", "environment"], ["value", "development"], ["created_at", "2021-02-26 17:35:27.605692"], ["updated_at", "2021-02-26 17:35:27.605692"]]
  [1m[36mTRANSACTION (0.7ms)[0m  [1m[35mCOMMIT[0m
  [1m[36mActiveRecord::InternalMetadata Load (35.2ms)[0m  [1m[34mSELECT "ar_internal_metadata".* FROM "ar_internal_metadata" WHERE "ar_internal_metadata"."key" = $1 LIMIT $2[0m  [["key", "environment"], ["LIMIT", 1]]
  [1m[36mTRANSACTION (1.1ms)[0m  [1m[35mBEGIN[0m
  [1m[36mActiveRecord::InternalMetadata Update (1.0ms)[0m  [1m[33mUPDATE "ar_internal_metadata" SET "value" = $1, "updated_at" = $2 WHERE "ar_internal_metadata"."key" = $3[0m  [["value", "test"], ["updated_at", "2021-02-26 17:35:27.691446"], ["key", "environment"]]
  [1m[36mTRANSACTION (1.1ms)[0m  [1m[35mCOMMIT[0m
  [1m[36mActiveRecord::InternalMetadata Load (32.8ms)[0m  [1m[34mSELECT "ar_internal_metadata".* FROM "ar_internal_metadata" WHERE "ar_internal_metadata"."key" = $1 LIMIT $2[0m  [["key", "schema_sha1"], ["LIMIT", 1]]
  [1m[36mTRANSACTION (0.3ms)[0m  [1m[35mBEGIN[0m
  [1m[36mActiveRecord::InternalMetadata Create (0.7ms)[0m  [1m[32mINSERT INTO "ar_internal_metadata" ("key", "value", "created_at", "updated_at") VALUES ($1, $2, $3, $4) RETURNING "key"[0m  [["key", "schema_sha1"], ["value", "78de79498a3c6b2b84e90ff9497109c312ac7d4c"], ["created_at", "2021-02-26 17:35:27.741218"], ["updated_at", "2021-02-26 17:35:27.741218"]]
  [1m[36mTRANSACTION (2.5ms)[0m  [1m[35mCOMMIT[0m
  [1m[35m (1.8ms)[0m  [1m[34mSELECT "schema_migrations"."version" FROM "schema_migrations" ORDER BY "schema_migrations"."version" ASC[0m
  [1m[35m (2.6ms)[0m  [1m[34mSELECT "schema_migrations"."version" FROM "schema_migrations" ORDER BY "schema_migrations"."version" ASC[0m
  [1m[35m (1.0ms)[0m  [1m[34mSELECT "ar_internal_metadata"."value" FROM "ar_internal_metadata" WHERE "ar_internal_metadata"."key" = $1[0m  [["key", "environment"]]
  [1m[35m (0.5ms)[0m  [1m[34mSELECT "schema_migrations"."version" FROM "schema_migrations" ORDER BY "schema_migrations"."version" ASC[0m
  [1m[35m (6.3ms)[0m  [1m[34mSELECT "ar_internal_metadata"."value" FROM "ar_internal_metadata" WHERE "ar_internal_metadata"."key" = $1[0m  [["key", "environment"]]
  [1m[35m (1.5ms)[0m  [1m[34mSELECT "schema_migrations"."version" FROM "schema_migrations" ORDER BY "schema_migrations"."version" ASC[0m
  [1m[35m (0.7ms)[0m  [1m[34mSELECT "ar_internal_metadata"."value" FROM "ar_internal_metadata" WHERE "ar_internal_metadata"."key" = $1[0m  [["key", "environment"]]
  [1m[35m (556.2ms)[0m  [1m[35mDROP DATABASE IF EXISTS "tunr_api_development"[0m
  [1m[35m (507.0ms)[0m  [1m[35mDROP DATABASE IF EXISTS "tunr_api_test"[0m
  [1m[35m (1248.5ms)[0m  [1m[35mCREATE DATABASE "tunr_api_development" ENCODING = 'unicode'[0m
  [1m[35m (951.3ms)[0m  [1m[35mCREATE DATABASE "tunr_api_test" ENCODING = 'unicode'[0m
  [1m[35mSQL (0.9ms)[0m  [1m[35mCREATE EXTENSION IF NOT EXISTS "plpgsql"[0m
  [1m[35m (35.2ms)[0m  [1m[35mDROP TABLE IF EXISTS "songs" CASCADE[0m
  [1m[35m (108.6ms)[0m  [1m[35mCREATE TABLE "songs" ("id" bigserial primary key, "title" character varying, "artist" character varying, "time" time, "created_at" timestamp(6) NOT NULL, "updated_at" timestamp(6) NOT NULL, "favorite" boolean)[0m
  [1m[35m (47.1ms)[0m  [1m[35mCREATE TABLE "schema_migrations" ("version" character varying NOT NULL PRIMARY KEY)[0m
  [1m[35m (1.4ms)[0m  [1m[34mSELECT "schema_migrations"."version" FROM "schema_migrations" ORDER BY "schema_migrations"."version" ASC[0m
  [1m[35m (1.9ms)[0m  [1m[32mINSERT INTO "schema_migrations" (version) VALUES (20210226170126)[0m
  [1m[35m (36.1ms)[0m  [1m[32mINSERT INTO "schema_migrations" (version) VALUES
(20210226163940);

[0m
  [1m[35m (49.6ms)[0m  [1m[35mCREATE TABLE "ar_internal_metadata" ("key" character varying NOT NULL PRIMARY KEY, "value" character varying, "created_at" timestamp(6) NOT NULL, "updated_at" timestamp(6) NOT NULL)[0m
  [1m[36mActiveRecord::InternalMetadata Load (1.2ms)[0m  [1m[34mSELECT "ar_internal_metadata".* FROM "ar_internal_metadata" WHERE "ar_internal_metadata"."key" = $1 LIMIT $2[0m  [["key", "environment"], ["LIMIT", 1]]
  [1m[36mTRANSACTION (0.3ms)[0m  [1m[35mBEGIN[0m
  [1m[36mActiveRecord::InternalMetadata Create (36.6ms)[0m  [1m[32mINSERT INTO "ar_internal_metadata" ("key", "value", "created_at", "updated_at") VALUES ($1, $2, $3, $4) RETURNING "key"[0m  [["key", "environment"], ["value", "development"], ["created_at", "2021-02-26 17:36:04.846305"], ["updated_at", "2021-02-26 17:36:04.846305"]]
  [1m[36mTRANSACTION (1.0ms)[0m  [1m[35mCOMMIT[0m
  [1m[36mActiveRecord::InternalMetadata Load (0.9ms)[0m  [1m[34mSELECT "ar_internal_metadata".* FROM "ar_internal_metadata" WHERE "ar_internal_metadata"."key" = $1 LIMIT $2[0m  [["key", "environment"], ["LIMIT", 1]]
  [1m[36mActiveRecord::InternalMetadata Load (35.7ms)[0m  [1m[34mSELECT "ar_internal_metadata".* FROM "ar_internal_metadata" WHERE "ar_internal_metadata"."key" = $1 LIMIT $2[0m  [["key", "schema_sha1"], ["LIMIT", 1]]
  [1m[36mTRANSACTION (0.3ms)[0m  [1m[35mBEGIN[0m
  [1m[36mActiveRecord::InternalMetadata Create (0.8ms)[0m  [1m[32mINSERT INTO "ar_internal_metadata" ("key", "value", "created_at", "updated_at") VALUES ($1, $2, $3, $4) RETURNING "key"[0m  [["key", "schema_sha1"], ["value", "78de79498a3c6b2b84e90ff9497109c312ac7d4c"], ["created_at", "2021-02-26 17:36:04.940206"], ["updated_at", "2021-02-26 17:36:04.940206"]]
  [1m[36mTRANSACTION (0.7ms)[0m  [1m[35mCOMMIT[0m
  [1m[35mSQL (1.7ms)[0m  [1m[35mCREATE EXTENSION IF NOT EXISTS "plpgsql"[0m
  [1m[35m (0.4ms)[0m  [1m[35mDROP TABLE IF EXISTS "songs" CASCADE[0m
  [1m[35m (99.8ms)[0m  [1m[35mCREATE TABLE "songs" ("id" bigserial primary key, "title" character varying, "artist" character varying, "time" time, "created_at" timestamp(6) NOT NULL, "updated_at" timestamp(6) NOT NULL, "favorite" boolean)[0m
  [1m[35m (11.7ms)[0m  [1m[35mCREATE TABLE "schema_migrations" ("version" character varying NOT NULL PRIMARY KEY)[0m
  [1m[35m (1.6ms)[0m  [1m[34mSELECT "schema_migrations"."version" FROM "schema_migrations" ORDER BY "schema_migrations"."version" ASC[0m
  [1m[35m (1.7ms)[0m  [1m[32mINSERT INTO "schema_migrations" (version) VALUES (20210226170126)[0m
  [1m[35m (1.2ms)[0m  [1m[32mINSERT INTO "schema_migrations" (version) VALUES
(20210226163940);

[0m
  [1m[35m (12.8ms)[0m  [1m[35mCREATE TABLE "ar_internal_metadata" ("key" character varying NOT NULL PRIMARY KEY, "value" character varying, "created_at" timestamp(6) NOT NULL, "updated_at" timestamp(6) NOT NULL)[0m
  [1m[36mActiveRecord::InternalMetadata Load (1.5ms)[0m  [1m[34mSELECT "ar_internal_metadata".* FROM "ar_internal_metadata" WHERE "ar_internal_metadata"."key" = $1 LIMIT $2[0m  [["key", "environment"], ["LIMIT", 1]]
  [1m[36mTRANSACTION (0.4ms)[0m  [1m[35mBEGIN[0m
  [1m[36mActiveRecord::InternalMetadata Create (1.6ms)[0m  [1m[32mINSERT INTO "ar_internal_metadata" ("key", "value", "created_at", "updated_at") VALUES ($1, $2, $3, $4) RETURNING "key"[0m  [["key", "environment"], ["value", "development"], ["created_at", "2021-02-26 17:36:05.542776"], ["updated_at", "2021-02-26 17:36:05.542776"]]
  [1m[36mTRANSACTION (34.9ms)[0m  [1m[35mCOMMIT[0m
  [1m[36mActiveRecord::InternalMetadata Load (0.9ms)[0m  [1m[34mSELECT "ar_internal_metadata".* FROM "ar_internal_metadata" WHERE "ar_internal_metadata"."key" = $1 LIMIT $2[0m  [["key", "environment"], ["LIMIT", 1]]
  [1m[36mTRANSACTION (0.4ms)[0m  [1m[35mBEGIN[0m
  [1m[36mActiveRecord::InternalMetadata Update (34.6ms)[0m  [1m[33mUPDATE "ar_internal_metadata" SET "value" = $1, "updated_at" = $2 WHERE "ar_internal_metadata"."key" = $3[0m  [["value", "test"], ["updated_at", "2021-02-26 17:36:05.599165"], ["key", "environment"]]
  [1m[36mTRANSACTION (1.1ms)[0m  [1m[35mCOMMIT[0m
  [1m[36mActiveRecord::InternalMetadata Load (0.9ms)[0m  [1m[34mSELECT "ar_internal_metadata".* FROM "ar_internal_metadata" WHERE "ar_internal_metadata"."key" = $1 LIMIT $2[0m  [["key", "schema_sha1"], ["LIMIT", 1]]
  [1m[36mTRANSACTION (0.8ms)[0m  [1m[35mBEGIN[0m
  [1m[36mActiveRecord::InternalMetadata Create (33.7ms)[0m  [1m[32mINSERT INTO "ar_internal_metadata" ("key", "value", "created_at", "updated_at") VALUES ($1, $2, $3, $4) RETURNING "key"[0m  [["key", "schema_sha1"], ["value", "78de79498a3c6b2b84e90ff9497109c312ac7d4c"], ["created_at", "2021-02-26 17:36:05.649798"], ["updated_at", "2021-02-26 17:36:05.649798"]]
  [1m[36mTRANSACTION (0.8ms)[0m  [1m[35mCOMMIT[0m
  [1m[35m (3.8ms)[0m  [1m[34mSELECT "schema_migrations"."version" FROM "schema_migrations" ORDER BY "schema_migrations"."version" ASC[0m
  [1m[35m (3.7ms)[0m  [1m[34mSELECT "schema_migrations"."version" FROM "schema_migrations" ORDER BY "schema_migrations"."version" ASC[0m
  [1m[35m (1.4ms)[0m  [1m[34mSELECT "ar_internal_metadata"."value" FROM "ar_internal_metadata" WHERE "ar_internal_metadata"."key" = $1[0m  [["key", "environment"]]
  [1m[35m (37.9ms)[0m  [1m[34mSELECT "schema_migrations"."version" FROM "schema_migrations" ORDER BY "schema_migrations"."version" ASC[0m
  [1m[35m (10.5ms)[0m  [1m[34mSELECT "ar_internal_metadata"."value" FROM "ar_internal_metadata" WHERE "ar_internal_metadata"."key" = $1[0m  [["key", "environment"]]
  [1m[35m (0.7ms)[0m  [1m[34mSELECT "schema_migrations"."version" FROM "schema_migrations" ORDER BY "schema_migrations"."version" ASC[0m
  [1m[35m (3.9ms)[0m  [1m[34mSELECT "ar_internal_metadata"."value" FROM "ar_internal_metadata" WHERE "ar_internal_metadata"."key" = $1[0m  [["key", "environment"]]
  [1m[35m (540.5ms)[0m  [1m[35mDROP DATABASE IF EXISTS "tunr_api_development"[0m
  [1m[35m (404.9ms)[0m  [1m[35mDROP DATABASE IF EXISTS "tunr_api_test"[0m
  [1m[35m (1043.0ms)[0m  [1m[35mCREATE DATABASE "tunr_api_development" ENCODING = 'unicode'[0m
  [1m[35m (1050.9ms)[0m  [1m[35mCREATE DATABASE "tunr_api_test" ENCODING = 'unicode'[0m
  [1m[35mSQL (39.7ms)[0m  [1m[35mCREATE EXTENSION IF NOT EXISTS "plpgsql"[0m
  [1m[35m (36.8ms)[0m  [1m[35mDROP TABLE IF EXISTS "songs" CASCADE[0m
  [1m[35m (102.1ms)[0m  [1m[35mCREATE TABLE "songs" ("id" bigserial primary key, "title" character varying, "artist" character varying, "time" time, "created_at" timestamp(6) NOT NULL, "updated_at" timestamp(6) NOT NULL, "favorite" boolean)[0m
  [1m[35m (48.5ms)[0m  [1m[35mCREATE TABLE "schema_migrations" ("version" character varying NOT NULL PRIMARY KEY)[0m
  [1m[35m (1.4ms)[0m  [1m[34mSELECT "schema_migrations"."version" FROM "schema_migrations" ORDER BY "schema_migrations"."version" ASC[0m
  [1m[35m (2.0ms)[0m  [1m[32mINSERT INTO "schema_migrations" (version) VALUES (20210226170126)[0m
  [1m[35m (1.4ms)[0m  [1m[32mINSERT INTO "schema_migrations" (version) VALUES
(20210226163940);

[0m
  [1m[35m (50.0ms)[0m  [1m[35mCREATE TABLE "ar_internal_metadata" ("key" character varying NOT NULL PRIMARY KEY, "value" character varying, "created_at" timestamp(6) NOT NULL, "updated_at" timestamp(6) NOT NULL)[0m
  [1m[36mActiveRecord::InternalMetadata Load (1.4ms)[0m  [1m[34mSELECT "ar_internal_metadata".* FROM "ar_internal_metadata" WHERE "ar_internal_metadata"."key" = $1 LIMIT $2[0m  [["key", "environment"], ["LIMIT", 1]]
  [1m[36mTRANSACTION (0.4ms)[0m  [1m[35mBEGIN[0m
  [1m[36mActiveRecord::InternalMetadata Create (37.7ms)[0m  [1m[32mINSERT INTO "ar_internal_metadata" ("key", "value", "created_at", "updated_at") VALUES ($1, $2, $3, $4) RETURNING "key"[0m  [["key", "environment"], ["value", "development"], ["created_at", "2021-02-26 17:36:28.996922"], ["updated_at", "2021-02-26 17:36:28.996922"]]
  [1m[36mTRANSACTION (0.7ms)[0m  [1m[35mCOMMIT[0m
  [1m[36mActiveRecord::InternalMetadata Load (1.0ms)[0m  [1m[34mSELECT "ar_internal_metadata".* FROM "ar_internal_metadata" WHERE "ar_internal_metadata"."key" = $1 LIMIT $2[0m  [["key", "environment"], ["LIMIT", 1]]
  [1m[36mActiveRecord::InternalMetadata Load (35.3ms)[0m  [1m[34mSELECT "ar_internal_metadata".* FROM "ar_internal_metadata" WHERE "ar_internal_metadata"."key" = $1 LIMIT $2[0m  [["key", "schema_sha1"], ["LIMIT", 1]]
  [1m[36mTRANSACTION (0.3ms)[0m  [1m[35mBEGIN[0m
  [1m[36mActiveRecord::InternalMetadata Create (1.0ms)[0m  [1m[32mINSERT INTO "ar_internal_metadata" ("key", "value", "created_at", "updated_at") VALUES ($1, $2, $3, $4) RETURNING "key"[0m  [["key", "schema_sha1"], ["value", "78de79498a3c6b2b84e90ff9497109c312ac7d4c"], ["created_at", "2021-02-26 17:36:29.093187"], ["updated_at", "2021-02-26 17:36:29.093187"]]
  [1m[36mTRANSACTION (38.5ms)[0m  [1m[35mCOMMIT[0m
  [1m[35mSQL (1.5ms)[0m  [1m[35mCREATE EXTENSION IF NOT EXISTS "plpgsql"[0m
  [1m[35m (0.5ms)[0m  [1m[35mDROP TABLE IF EXISTS "songs" CASCADE[0m
  [1m[35m (103.4ms)[0m  [1m[35mCREATE TABLE "songs" ("id" bigserial primary key, "title" character varying, "artist" character varying, "time" time, "created_at" timestamp(6) NOT NULL, "updated_at" timestamp(6) NOT NULL, "favorite" boolean)[0m
  [1m[35m (51.1ms)[0m  [1m[35mCREATE TABLE "schema_migrations" ("version" character varying NOT NULL PRIMARY KEY)[0m
  [1m[35m (3.3ms)[0m  [1m[34mSELECT "schema_migrations"."version" FROM "schema_migrations" ORDER BY "schema_migrations"."version" ASC[0m
  [1m[35m (37.5ms)[0m  [1m[32mINSERT INTO "schema_migrations" (version) VALUES (20210226170126)[0m
  [1m[35m (0.9ms)[0m  [1m[32mINSERT INTO "schema_migrations" (version) VALUES
(20210226163940);

[0m
  [1m[35m (53.5ms)[0m  [1m[35mCREATE TABLE "ar_internal_metadata" ("key" character varying NOT NULL PRIMARY KEY, "value" character varying, "created_at" timestamp(6) NOT NULL, "updated_at" timestamp(6) NOT NULL)[0m
  [1m[36mActiveRecord::InternalMetadata Load (1.1ms)[0m  [1m[34mSELECT "ar_internal_metadata".* FROM "ar_internal_metadata" WHERE "ar_internal_metadata"."key" = $1 LIMIT $2[0m  [["key", "environment"], ["LIMIT", 1]]
  [1m[36mTRANSACTION (0.4ms)[0m  [1m[35mBEGIN[0m
  [1m[36mActiveRecord::InternalMetadata Create (39.7ms)[0m  [1m[32mINSERT INTO "ar_internal_metadata" ("key", "value", "created_at", "updated_at") VALUES ($1, $2, $3, $4) RETURNING "key"[0m  [["key", "environment"], ["value", "development"], ["created_at", "2021-02-26 17:36:29.844838"], ["updated_at", "2021-02-26 17:36:29.844838"]]
  [1m[36mTRANSACTION (0.7ms)[0m  [1m[35mCOMMIT[0m
  [1m[36mActiveRecord::InternalMetadata Load (1.0ms)[0m  [1m[34mSELECT "ar_internal_metadata".* FROM "ar_internal_metadata" WHERE "ar_internal_metadata"."key" = $1 LIMIT $2[0m  [["key", "environment"], ["LIMIT", 1]]
  [1m[36mTRANSACTION (34.5ms)[0m  [1m[35mBEGIN[0m
  [1m[36mActiveRecord::InternalMetadata Update (0.8ms)[0m  [1m[33mUPDATE "ar_internal_metadata" SET "value" = $1, "updated_at" = $2 WHERE "ar_internal_metadata"."key" = $3[0m  [["value", "test"], ["updated_at", "2021-02-26 17:36:29.902773"], ["key", "environment"]]
  [1m[36mTRANSACTION (0.6ms)[0m  [1m[35mCOMMIT[0m
  [1m[36mActiveRecord::InternalMetadata Load (1.5ms)[0m  [1m[34mSELECT "ar_internal_metadata".* FROM "ar_internal_metadata" WHERE "ar_internal_metadata"."key" = $1 LIMIT $2[0m  [["key", "schema_sha1"], ["LIMIT", 1]]
  [1m[36mTRANSACTION (34.8ms)[0m  [1m[35mBEGIN[0m
  [1m[36mActiveRecord::InternalMetadata Create (0.8ms)[0m  [1m[32mINSERT INTO "ar_internal_metadata" ("key", "value", "created_at", "updated_at") VALUES ($1, $2, $3, $4) RETURNING "key"[0m  [["key", "schema_sha1"], ["value", "78de79498a3c6b2b84e90ff9497109c312ac7d4c"], ["created_at", "2021-02-26 17:36:29.952515"], ["updated_at", "2021-02-26 17:36:29.952515"]]
  [1m[36mTRANSACTION (0.9ms)[0m  [1m[35mCOMMIT[0m
  [1m[35m (2.6ms)[0m  [1m[34mSELECT "schema_migrations"."version" FROM "schema_migrations" ORDER BY "schema_migrations"."version" ASC[0m
  [1m[36mTRANSACTION (30.4ms)[0m  [1m[35mBEGIN[0m
  [1m[36mSong Create (2.1ms)[0m  [1m[32mINSERT INTO "songs" ("title", "artist", "time", "created_at", "updated_at", "favorite") VALUES ($1, $2, $3, $4, $5, $6) RETURNING "id"[0m  [["title", "Walkin' On The Moon"], ["artist", "The Carpenters"], ["time", "03:15:01"], ["created_at", "2021-02-26 17:36:31.303165"], ["updated_at", "2021-02-26 17:36:31.303165"], ["favorite", false]]
  [1m[36mTRANSACTION (1.1ms)[0m  [1m[35mCOMMIT[0m
  [1m[36mTRANSACTION (32.8ms)[0m  [1m[35mBEGIN[0m
  [1m[36mSong Create (1.0ms)[0m  [1m[32mINSERT INTO "songs" ("title", "artist", "time", "created_at", "updated_at", "favorite") VALUES ($1, $2, $3, $4, $5, $6) RETURNING "id"[0m  [["title", "I Still Haven't Found"], ["artist", "The Band"], ["time", "03:15:01"], ["created_at", "2021-02-26 17:36:31.354279"], ["updated_at", "2021-02-26 17:36:31.354279"], ["favorite", false]]
  [1m[36mTRANSACTION (1.7ms)[0m  [1m[35mCOMMIT[0m
  [1m[36mTRANSACTION (30.4ms)[0m  [1m[35mBEGIN[0m
  [1m[36mSong Create (1.0ms)[0m  [1m[32mINSERT INTO "songs" ("title", "artist", "time", "created_at", "updated_at", "favorite") VALUES ($1, $2, $3, $4, $5, $6) RETURNING "id"[0m  [["title", "Ohio"], ["artist", "The Roots"], ["time", "03:15:01"], ["created_at", "2021-02-26 17:36:31.404120"], ["updated_at", "2021-02-26 17:36:31.404120"], ["favorite", false]]
  [1m[36mTRANSACTION (38.8ms)[0m  [1m[35mCOMMIT[0m
  [1m[36mTRANSACTION (36.9ms)[0m  [1m[35mBEGIN[0m
  [1m[36mSong Create (1.0ms)[0m  [1m[32mINSERT INTO "songs" ("title", "artist", "time", "created_at", "updated_at", "favorite") VALUES ($1, $2, $3, $4, $5, $6) RETURNING "id"[0m  [["title", "Take it Easy"], ["artist", "The Orb"], ["time", "03:15:01"], ["created_at", "2021-02-26 17:36:31.499851"], ["updated_at", "2021-02-26 17:36:31.499851"], ["favorite", false]]
  [1m[36mTRANSACTION (1.9ms)[0m  [1m[35mCOMMIT[0m
  [1m[36mTRANSACTION (35.3ms)[0m  [1m[35mBEGIN[0m
  [1m[36mSong Create (4.1ms)[0m  [1m[32mINSERT INTO "songs" ("title", "artist", "time", "created_at", "updated_at", "favorite") VALUES ($1, $2, $3, $4, $5, $6) RETURNING "id"[0m  [["title", "We Will Rock You"], ["artist", "Cream"], ["time", "03:15:01"], ["created_at", "2021-02-26 17:36:31.558242"], ["updated_at", "2021-02-26 17:36:31.558242"], ["favorite", false]]
  [1m[36mTRANSACTION (36.3ms)[0m  [1m[35mCOMMIT[0m
  [1m[36mTRANSACTION (0.2ms)[0m  [1m[35mBEGIN[0m
  [1m[36mSong Create (36.3ms)[0m  [1m[32mINSERT INTO "songs" ("title", "artist", "time", "created_at", "updated_at", "favorite") VALUES ($1, $2, $3, $4, $5, $6) RETURNING "id"[0m  [["title", "Purple Haze"], ["artist", "Alice In Chains"], ["time", "03:15:01"], ["created_at", "2021-02-26 17:36:31.645332"], ["updated_at", "2021-02-26 17:36:31.645332"], ["favorite", false]]
  [1m[36mTRANSACTION (40.7ms)[0m  [1m[35mCOMMIT[0m
  [1m[36mTRANSACTION (0.4ms)[0m  [1m[35mBEGIN[0m
  [1m[36mSong Create (36.1ms)[0m  [1m[32mINSERT INTO "songs" ("title", "artist", "time", "created_at", "updated_at", "favorite") VALUES ($1, $2, $3, $4, $5, $6) RETURNING "id"[0m  [["title", "Dancing Days"], ["artist", "Living Colour"], ["time", "03:15:01"], ["created_at", "2021-02-26 17:36:31.743891"], ["updated_at", "2021-02-26 17:36:31.743891"], ["favorite", false]]
  [1m[36mTRANSACTION (1.0ms)[0m  [1m[35mCOMMIT[0m
  [1m[36mTRANSACTION (1.0ms)[0m  [1m[35mBEGIN[0m
  [1m[36mSong Create (36.4ms)[0m  [1m[32mINSERT INTO "songs" ("title", "artist", "time", "created_at", "updated_at", "favorite") VALUES ($1, $2, $3, $4, $5, $6) RETURNING "id"[0m  [["title", "Moving in Stereo"], ["artist", "James Brown and the JBs"], ["time", "03:15:01"], ["created_at", "2021-02-26 17:36:31.797386"], ["updated_at", "2021-02-26 17:36:31.797386"], ["favorite", false]]
  [1m[36mTRANSACTION (0.7ms)[0m  [1m[35mCOMMIT[0m
  [1m[36mTRANSACTION (0.3ms)[0m  [1m[35mBEGIN[0m
  [1m[36mSong Create (39.5ms)[0m  [1m[32mINSERT INTO "songs" ("title", "artist", "time", "created_at", "updated_at", "favorite") VALUES ($1, $2, $3, $4, $5, $6) RETURNING "id"[0m  [["title", "My Sweet Lord"], ["artist", "The Bee Gees"], ["time", "03:15:01"], ["created_at", "2021-02-26 17:36:31.844533"], ["updated_at", "2021-02-26 17:36:31.844533"], ["favorite", false]]
  [1m[36mTRANSACTION (0.9ms)[0m  [1m[35mCOMMIT[0m
  [1m[36mTRANSACTION (0.3ms)[0m  [1m[35mBEGIN[0m
  [1m[36mSong Create (35.5ms)[0m  [1m[32mINSERT INTO "songs" ("title", "artist", "time", "created_at", "updated_at", "favorite") VALUES ($1, $2, $3, $4, $5, $6) RETURNING "id"[0m  [["title", "Jumpin' Jack Flash"], ["artist", "Red Hot Chili Peppers"], ["time", "03:15:01"], ["created_at", "2021-02-26 17:36:31.899030"], ["updated_at", "2021-02-26 17:36:31.899030"], ["favorite", false]]
  [1m[36mTRANSACTION (0.8ms)[0m  [1m[35mCOMMIT[0m
  [1m[36mSong Load (24.3ms)[0m  [1m[34mSELECT "songs".* FROM "songs"[0m
Started GET "/songs" for ::1 at 2021-02-26 12:37:48 -0500
  [1m[35m (1.7ms)[0m  [1m[34mSELECT "schema_migrations"."version" FROM "schema_migrations" ORDER BY "schema_migrations"."version" ASC[0m
Processing by SongsController#index as HTML
  [1m[36mSong Load (10.1ms)[0m  [1m[34mSELECT "songs".* FROM "songs"[0m
  ↳ app/controllers/songs_controller.rb:8:in `index'
Completed 200 OK in 151ms (Views: 30.9ms | ActiveRecord: 97.8ms | Allocations: 8728)


Started GET "/songs" for ::1 at 2021-02-26 12:37:53 -0500
Processing by SongsController#index as HTML
  [1m[36mSong Load (20.8ms)[0m  [1m[34mSELECT "songs".* FROM "songs"[0m
  ↳ app/controllers/songs_controller.rb:8:in `index'
Completed 200 OK in 93ms (Views: 69.8ms | ActiveRecord: 20.8ms | Allocations: 1975)


  [1m[35m (0.5ms)[0m  [1m[34mSELECT pg_try_advisory_lock(6513669864093001680)[0m
  [1m[35m (20.7ms)[0m  [1m[34mSELECT "schema_migrations"."version" FROM "schema_migrations" ORDER BY "schema_migrations"."version" ASC[0m
Migrating to ChangeTimeFormat (20210226173925)
  [1m[36mTRANSACTION (33.9ms)[0m  [1m[35mBEGIN[0m
  [1m[35m (220.2ms)[0m  [1m[35mALTER TABLE "songs" ALTER COLUMN "time" TYPE character varying[0m
  [1m[36mActiveRecord::SchemaMigration Create (9.6ms)[0m  [1m[32mINSERT INTO "schema_migrations" ("version") VALUES ($1) RETURNING "version"[0m  [["version", "20210226173925"]]
  [1m[36mTRANSACTION (42.7ms)[0m  [1m[35mCOMMIT[0m
  [1m[36mActiveRecord::InternalMetadata Load (1.0ms)[0m  [1m[34mSELECT "ar_internal_metadata".* FROM "ar_internal_metadata" WHERE "ar_internal_metadata"."key" = $1 LIMIT $2[0m  [["key", "environment"], ["LIMIT", 1]]
  [1m[35m (13.5ms)[0m  [1m[34mSELECT pg_advisory_unlock(6513669864093001680)[0m
  [1m[35m (2.2ms)[0m  [1m[34mSELECT "schema_migrations"."version" FROM "schema_migrations" ORDER BY "schema_migrations"."version" ASC[0m
  [1m[35m (20.7ms)[0m  [1m[34mSELECT "schema_migrations"."version" FROM "schema_migrations" ORDER BY "schema_migrations"."version" ASC[0m
  [1m[35m (2.2ms)[0m  [1m[34mSELECT "ar_internal_metadata"."value" FROM "ar_internal_metadata" WHERE "ar_internal_metadata"."key" = $1[0m  [["key", "environment"]]
  [1m[35m (19.2ms)[0m  [1m[34mSELECT "schema_migrations"."version" FROM "schema_migrations" ORDER BY "schema_migrations"."version" ASC[0m
  [1m[35m (0.9ms)[0m  [1m[34mSELECT "ar_internal_metadata"."value" FROM "ar_internal_metadata" WHERE "ar_internal_metadata"."key" = $1[0m  [["key", "environment"]]
  [1m[35m (0.6ms)[0m  [1m[34mSELECT "schema_migrations"."version" FROM "schema_migrations" ORDER BY "schema_migrations"."version" ASC[0m
  [1m[35m (19.2ms)[0m  [1m[34mSELECT "ar_internal_metadata"."value" FROM "ar_internal_metadata" WHERE "ar_internal_metadata"."key" = $1[0m  [["key", "environment"]]
  [1m[35m (9846.2ms)[0m  [1m[35mDROP DATABASE IF EXISTS "tunr_api_development"[0m
  [1m[35m (19.5ms)[0m  [1m[34mSELECT "schema_migrations"."version" FROM "schema_migrations" ORDER BY "schema_migrations"."version" ASC[0m
  [1m[35m (1.1ms)[0m  [1m[34mSELECT "ar_internal_metadata"."value" FROM "ar_internal_metadata" WHERE "ar_internal_metadata"."key" = $1[0m  [["key", "environment"]]
  [1m[35m (0.8ms)[0m  [1m[34mSELECT "schema_migrations"."version" FROM "schema_migrations" ORDER BY "schema_migrations"."version" ASC[0m
  [1m[35m (15.3ms)[0m  [1m[34mSELECT "ar_internal_metadata"."value" FROM "ar_internal_metadata" WHERE "ar_internal_metadata"."key" = $1[0m  [["key", "environment"]]
  [1m[35m (0.7ms)[0m  [1m[34mSELECT "schema_migrations"."version" FROM "schema_migrations" ORDER BY "schema_migrations"."version" ASC[0m
  [1m[35m (19.3ms)[0m  [1m[34mSELECT "ar_internal_metadata"."value" FROM "ar_internal_metadata" WHERE "ar_internal_metadata"."key" = $1[0m  [["key", "environment"]]
  [1m[35m (452.3ms)[0m  [1m[35mDROP DATABASE IF EXISTS "tunr_api_development"[0m
  [1m[35m (446.6ms)[0m  [1m[35mDROP DATABASE IF EXISTS "tunr_api_test"[0m
  [1m[35m (2673.8ms)[0m  [1m[35mCREATE DATABASE "tunr_api_development" ENCODING = 'unicode'[0m
  [1m[35m (1148.9ms)[0m  [1m[35mCREATE DATABASE "tunr_api_test" ENCODING = 'unicode'[0m
  [1m[35mSQL (1.1ms)[0m  [1m[35mCREATE EXTENSION IF NOT EXISTS "plpgsql"[0m
  [1m[35m (16.4ms)[0m  [1m[35mDROP TABLE IF EXISTS "songs" CASCADE[0m
  [1m[35m (123.5ms)[0m  [1m[35mCREATE TABLE "songs" ("id" bigserial primary key, "title" character varying, "artist" character varying, "time" character varying, "created_at" timestamp(6) NOT NULL, "updated_at" timestamp(6) NOT NULL, "favorite" boolean)[0m
  [1m[35m (54.7ms)[0m  [1m[35mCREATE TABLE "schema_migrations" ("version" character varying NOT NULL PRIMARY KEY)[0m
  [1m[35m (3.3ms)[0m  [1m[34mSELECT "schema_migrations"."version" FROM "schema_migrations" ORDER BY "schema_migrations"."version" ASC[0m
  [1m[35m (18.5ms)[0m  [1m[32mINSERT INTO "schema_migrations" (version) VALUES (20210226173925)[0m
  [1m[35m (2.4ms)[0m  [1m[32mINSERT INTO "schema_migrations" (version) VALUES
(20210226163940),
(20210226170126);

[0m
  [1m[35m (53.8ms)[0m  [1m[35mCREATE TABLE "ar_internal_metadata" ("key" character varying NOT NULL PRIMARY KEY, "value" character varying, "created_at" timestamp(6) NOT NULL, "updated_at" timestamp(6) NOT NULL)[0m
  [1m[36mActiveRecord::InternalMetadata Load (1.0ms)[0m  [1m[34mSELECT "ar_internal_metadata".* FROM "ar_internal_metadata" WHERE "ar_internal_metadata"."key" = $1 LIMIT $2[0m  [["key", "environment"], ["LIMIT", 1]]
  [1m[36mTRANSACTION (11.4ms)[0m  [1m[35mBEGIN[0m
  [1m[36mActiveRecord::InternalMetadata Create (15.3ms)[0m  [1m[32mINSERT INTO "ar_internal_metadata" ("key", "value", "created_at", "updated_at") VALUES ($1, $2, $3, $4) RETURNING "key"[0m  [["key", "environment"], ["value", "development"], ["created_at", "2021-02-26 17:44:46.974272"], ["updated_at", "2021-02-26 17:44:46.974272"]]
  [1m[36mTRANSACTION (0.8ms)[0m  [1m[35mCOMMIT[0m
  [1m[36mActiveRecord::InternalMetadata Load (1.0ms)[0m  [1m[34mSELECT "ar_internal_metadata".* FROM "ar_internal_metadata" WHERE "ar_internal_metadata"."key" = $1 LIMIT $2[0m  [["key", "environment"], ["LIMIT", 1]]
  [1m[36mActiveRecord::InternalMetadata Load (18.8ms)[0m  [1m[34mSELECT "ar_internal_metadata".* FROM "ar_internal_metadata" WHERE "ar_internal_metadata"."key" = $1 LIMIT $2[0m  [["key", "schema_sha1"], ["LIMIT", 1]]
  [1m[36mTRANSACTION (0.3ms)[0m  [1m[35mBEGIN[0m
  [1m[36mActiveRecord::InternalMetadata Create (17.7ms)[0m  [1m[32mINSERT INTO "ar_internal_metadata" ("key", "value", "created_at", "updated_at") VALUES ($1, $2, $3, $4) RETURNING "key"[0m  [["key", "schema_sha1"], ["value", "e59b8e899257a3baad0bab1cc128cbecfdcd1664"], ["created_at", "2021-02-26 17:44:47.065838"], ["updated_at", "2021-02-26 17:44:47.065838"]]
  [1m[36mTRANSACTION (0.7ms)[0m  [1m[35mCOMMIT[0m
  [1m[35mSQL (1.3ms)[0m  [1m[35mCREATE EXTENSION IF NOT EXISTS "plpgsql"[0m
  [1m[35m (0.6ms)[0m  [1m[35mDROP TABLE IF EXISTS "songs" CASCADE[0m
  [1m[35m (123.3ms)[0m  [1m[35mCREATE TABLE "songs" ("id" bigserial primary key, "title" character varying, "artist" character varying, "time" character varying, "created_at" timestamp(6) NOT NULL, "updated_at" timestamp(6) NOT NULL, "favorite" boolean)[0m
  [1m[35m (50.9ms)[0m  [1m[35mCREATE TABLE "schema_migrations" ("version" character varying NOT NULL PRIMARY KEY)[0m
  [1m[35m (2.5ms)[0m  [1m[34mSELECT "schema_migrations"."version" FROM "schema_migrations" ORDER BY "schema_migrations"."version" ASC[0m
  [1m[35m (19.4ms)[0m  [1m[32mINSERT INTO "schema_migrations" (version) VALUES (20210226173925)[0m
  [1m[35m (1.4ms)[0m  [1m[32mINSERT INTO "schema_migrations" (version) VALUES
(20210226163940),
(20210226170126);

[0m
  [1m[35m (50.0ms)[0m  [1m[35mCREATE TABLE "ar_internal_metadata" ("key" character varying NOT NULL PRIMARY KEY, "value" character varying, "created_at" timestamp(6) NOT NULL, "updated_at" timestamp(6) NOT NULL)[0m
  [1m[36mActiveRecord::InternalMetadata Load (1.2ms)[0m  [1m[34mSELECT "ar_internal_metadata".* FROM "ar_internal_metadata" WHERE "ar_internal_metadata"."key" = $1 LIMIT $2[0m  [["key", "environment"], ["LIMIT", 1]]
  [1m[36mTRANSACTION (17.6ms)[0m  [1m[35mBEGIN[0m
  [1m[36mActiveRecord::InternalMetadata Create (1.4ms)[0m  [1m[32mINSERT INTO "ar_internal_metadata" ("key", "value", "created_at", "updated_at") VALUES ($1, $2, $3, $4) RETURNING "key"[0m  [["key", "environment"], ["value", "development"], ["created_at", "2021-02-26 17:44:47.844355"], ["updated_at", "2021-02-26 17:44:47.844355"]]
  [1m[36mTRANSACTION (22.0ms)[0m  [1m[35mCOMMIT[0m
  [1m[36mActiveRecord::InternalMetadata Load (0.7ms)[0m  [1m[34mSELECT "ar_internal_metadata".* FROM "ar_internal_metadata" WHERE "ar_internal_metadata"."key" = $1 LIMIT $2[0m  [["key", "environment"], ["LIMIT", 1]]
  [1m[36mTRANSACTION (18.3ms)[0m  [1m[35mBEGIN[0m
  [1m[36mActiveRecord::InternalMetadata Update (1.4ms)[0m  [1m[33mUPDATE "ar_internal_metadata" SET "value" = $1, "updated_at" = $2 WHERE "ar_internal_metadata"."key" = $3[0m  [["value", "test"], ["updated_at", "2021-02-26 17:44:47.918959"], ["key", "environment"]]
  [1m[36mTRANSACTION (17.4ms)[0m  [1m[35mCOMMIT[0m
  [1m[36mActiveRecord::InternalMetadata Load (0.7ms)[0m  [1m[34mSELECT "ar_internal_metadata".* FROM "ar_internal_metadata" WHERE "ar_internal_metadata"."key" = $1 LIMIT $2[0m  [["key", "schema_sha1"], ["LIMIT", 1]]
  [1m[36mTRANSACTION (17.0ms)[0m  [1m[35mBEGIN[0m
  [1m[36mActiveRecord::InternalMetadata Create (1.1ms)[0m  [1m[32mINSERT INTO "ar_internal_metadata" ("key", "value", "created_at", "updated_at") VALUES ($1, $2, $3, $4) RETURNING "key"[0m  [["key", "schema_sha1"], ["value", "e59b8e899257a3baad0bab1cc128cbecfdcd1664"], ["created_at", "2021-02-26 17:44:47.970805"], ["updated_at", "2021-02-26 17:44:47.970805"]]
  [1m[36mTRANSACTION (17.0ms)[0m  [1m[35mCOMMIT[0m
  [1m[35m (21.3ms)[0m  [1m[34mSELECT "schema_migrations"."version" FROM "schema_migrations" ORDER BY "schema_migrations"."version" ASC[0m
  [1m[36mTRANSACTION (12.5ms)[0m  [1m[35mBEGIN[0m
  [1m[36mSong Create (2.7ms)[0m  [1m[32mINSERT INTO "songs" ("title", "artist", "time", "created_at", "updated_at", "favorite") VALUES ($1, $2, $3, $4, $5, $6) RETURNING "id"[0m  [["title", "Call Me The Breeze"], ["artist", "Bon Jovi"], ["time", "03:15:01"], ["created_at", "2021-02-26 17:44:49.300327"], ["updated_at", "2021-02-26 17:44:49.300327"], ["favorite", false]]
  [1m[36mTRANSACTION (17.9ms)[0m  [1m[35mCOMMIT[0m
  [1m[36mTRANSACTION (24.9ms)[0m  [1m[35mBEGIN[0m
  [1m[36mSong Create (15.3ms)[0m  [1m[32mINSERT INTO "songs" ("title", "artist", "time", "created_at", "updated_at", "favorite") VALUES ($1, $2, $3, $4, $5, $6) RETURNING "id"[0m  [["title", "Runnin' With The Devil"], ["artist", "The Roots"], ["time", "03:15:01"], ["created_at", "2021-02-26 17:44:49.344241"], ["updated_at", "2021-02-26 17:44:49.344241"], ["favorite", false]]
  [1m[36mTRANSACTION (1.1ms)[0m  [1m[35mCOMMIT[0m
  [1m[36mTRANSACTION (15.5ms)[0m  [1m[35mBEGIN[0m
  [1m[36mSong Create (21.9ms)[0m  [1m[32mINSERT INTO "songs" ("title", "artist", "time", "created_at", "updated_at", "favorite") VALUES ($1, $2, $3, $4, $5, $6) RETURNING "id"[0m  [["title", "Kashmir"], ["artist", "Parliament Funkadelic"], ["time", "03:15:01"], ["created_at", "2021-02-26 17:44:49.396859"], ["updated_at", "2021-02-26 17:44:49.396859"], ["favorite", false]]
  [1m[36mTRANSACTION (1.0ms)[0m  [1m[35mCOMMIT[0m
  [1m[36mTRANSACTION (16.5ms)[0m  [1m[35mBEGIN[0m
  [1m[36mSong Create (24.3ms)[0m  [1m[32mINSERT INTO "songs" ("title", "artist", "time", "created_at", "updated_at", "favorite") VALUES ($1, $2, $3, $4, $5, $6) RETURNING "id"[0m  [["title", "Tiny Dancer"], ["artist", "Crosby, Stills, Nash and Young"], ["time", "03:15:01"], ["created_at", "2021-02-26 17:44:49.445804"], ["updated_at", "2021-02-26 17:44:49.445804"], ["favorite", false]]
  [1m[36mTRANSACTION (1.3ms)[0m  [1m[35mCOMMIT[0m
  [1m[36mTRANSACTION (13.5ms)[0m  [1m[35mBEGIN[0m
  [1m[36mSong Create (0.8ms)[0m  [1m[32mINSERT INTO "songs" ("title", "artist", "time", "created_at", "updated_at", "favorite") VALUES ($1, $2, $3, $4, $5, $6) RETURNING "id"[0m  [["title", "We Will Rock You"], ["artist", "Primus"], ["time", "03:15:01"], ["created_at", "2021-02-26 17:44:49.499095"], ["updated_at", "2021-02-26 17:44:49.499095"], ["favorite", false]]
  [1m[36mTRANSACTION (19.8ms)[0m  [1m[35mCOMMIT[0m
  [1m[36mTRANSACTION (19.9ms)[0m  [1m[35mBEGIN[0m
  [1m[36mSong Create (1.1ms)[0m  [1m[32mINSERT INTO "songs" ("title", "artist", "time", "created_at", "updated_at", "favorite") VALUES ($1, $2, $3, $4, $5, $6) RETURNING "id"[0m  [["title", "Owner of a Lonely Heart"], ["artist", "The Doors"], ["time", "03:15:01"], ["created_at", "2021-02-26 17:44:49.542177"], ["updated_at", "2021-02-26 17:44:49.542177"], ["favorite", false]]
  [1m[36mTRANSACTION (20.8ms)[0m  [1m[35mCOMMIT[0m
  [1m[36mTRANSACTION (16.7ms)[0m  [1m[35mBEGIN[0m
  [1m[36mSong Create (1.5ms)[0m  [1m[32mINSERT INTO "songs" ("title", "artist", "time", "created_at", "updated_at", "favorite") VALUES ($1, $2, $3, $4, $5, $6) RETURNING "id"[0m  [["title", "Take it Easy"], ["artist", "Queen"], ["time", "03:15:01"], ["created_at", "2021-02-26 17:44:49.594818"], ["updated_at", "2021-02-26 17:44:49.594818"], ["favorite", false]]
  [1m[36mTRANSACTION (19.3ms)[0m  [1m[35mCOMMIT[0m
  [1m[36mTRANSACTION (1.0ms)[0m  [1m[35mBEGIN[0m
  [1m[36mSong Create (17.3ms)[0m  [1m[32mINSERT INTO "songs" ("title", "artist", "time", "created_at", "updated_at", "favorite") VALUES ($1, $2, $3, $4, $5, $6) RETURNING "id"[0m  [["title", "The Wind Cries Mary"], ["artist", "Crosby, Stills, Nash and Young"], ["time", "03:15:01"], ["created_at", "2021-02-26 17:44:49.642095"], ["updated_at", "2021-02-26 17:44:49.642095"], ["favorite", false]]
  [1m[36mTRANSACTION (19.7ms)[0m  [1m[35mCOMMIT[0m
  [1m[36mTRANSACTION (18.2ms)[0m  [1m[35mBEGIN[0m
  [1m[36mSong Create (0.6ms)[0m  [1m[32mINSERT INTO "songs" ("title", "artist", "time", "created_at", "updated_at", "favorite") VALUES ($1, $2, $3, $4, $5, $6) RETURNING "id"[0m  [["title", "Here Comes The Sun"], ["artist", "Jethro Tull"], ["time", "03:15:01"], ["created_at", "2021-02-26 17:44:49.694040"], ["updated_at", "2021-02-26 17:44:49.694040"], ["favorite", false]]
  [1m[36mTRANSACTION (18.9ms)[0m  [1m[35mCOMMIT[0m
  [1m[36mTRANSACTION (17.3ms)[0m  [1m[35mBEGIN[0m
  [1m[36mSong Create (21.7ms)[0m  [1m[32mINSERT INTO "songs" ("title", "artist", "time", "created_at", "updated_at", "favorite") VALUES ($1, $2, $3, $4, $5, $6) RETURNING "id"[0m  [["title", "Rocky Racoon"], ["artist", "Steely Dan"], ["time", "03:15:01"], ["created_at", "2021-02-26 17:44:49.742600"], ["updated_at", "2021-02-26 17:44:49.742600"], ["favorite", false]]
  [1m[36mTRANSACTION (1.1ms)[0m  [1m[35mCOMMIT[0m
Started GET "/songs" for ::1 at 2021-02-26 12:45:28 -0500
  [1m[35m (21.9ms)[0m  [1m[34mSELECT "schema_migrations"."version" FROM "schema_migrations" ORDER BY "schema_migrations"."version" ASC[0m
Processing by SongsController#index as HTML
  [1m[36mSong Load (47.1ms)[0m  [1m[34mSELECT "songs".* FROM "songs"[0m
  ↳ app/controllers/songs_controller.rb:8:in `index'
Completed 200 OK in 245ms (Views: 41.0ms | ActiveRecord: 160.8ms | Allocations: 8432)


Started GET "/" for ::1 at 2021-02-26 14:25:15 -0500
Processing by Rails::WelcomeController#index as HTML
  Rendering /Users/Samantha/.rbenv/versions/3.0.0/lib/ruby/gems/3.0.0/gems/railties-6.1.3/lib/rails/templates/rails/welcome/index.html.erb
  Rendered /Users/Samantha/.rbenv/versions/3.0.0/lib/ruby/gems/3.0.0/gems/railties-6.1.3/lib/rails/templates/rails/welcome/index.html.erb (Duration: 49.8ms | Allocations: 357)
Completed 200 OK in 104ms (Views: 68.9ms | Allocations: 2759)


Started GET "/songs" for ::1 at 2021-02-26 14:25:23 -0500
Processing by SongsController#index as HTML
  [1m[36mSong Load (2.3ms)[0m  [1m[34mSELECT "songs".* FROM "songs"[0m
  ↳ app/controllers/songs_controller.rb:8:in `index'
Completed 200 OK in 323ms (Views: 322.1ms | ActiveRecord: 104.2ms | Allocations: 3833)


Started GET "/songs" for ::1 at 2021-02-26 14:25:26 -0500
Processing by SongsController#index as HTML
  [1m[36mSong Load (8.3ms)[0m  [1m[34mSELECT "songs".* FROM "songs"[0m
  ↳ app/controllers/songs_controller.rb:8:in `index'
Completed 200 OK in 24ms (Views: 15.2ms | ActiveRecord: 8.3ms | Allocations: 1728)


